<?xml version="1.0" encoding="UTF-8"?>
<!-- Generated by org.testng.reporters.JUnitReportReporter -->
<testsuite hostname="Samis-MacBook-Pro.local" failures="0" tests="7" name="com.api.test.UserTest_UsingDataProvider" time="13.503" errors="0" timestamp="11 Jan 2024 07:54:15 GMT" skipped="0">
  <testcase classname="com.api.test.UserTest_UsingDataProvider" name="post" time="1.560"/>
  <testcase classname="com.api.test.UserTest_UsingDataProvider" name="post" time="1.699"/>
  <testcase classname="com.api.test.UserTest_UsingDataProvider" name="post" time="1.636"/>
  <testcase classname="com.api.test.UserTest_UsingDataProvider" name="post" time="3.727"/>
  <testcase classname="com.api.test.UserTest_UsingDataProvider" name="post" time="1.533"/>
  <testcase classname="com.api.test.UserTest_UsingDataProvider" name="post" time="1.740"/>
  <testcase classname="com.api.test.UserTest_UsingDataProvider" name="post" time="1.608"/>
</testsuite> <!-- com.api.test.UserTest_UsingDataProvider -->
