<?xml version="1.0" encoding="UTF-8"?>
<!-- Generated by org.testng.reporters.JUnitReportReporter -->
<testsuite hostname="Samis-MacBook-Pro.local" failures="0" tests="4" name="com.api.test.UserTests" time="9.167" errors="0" timestamp="11 Jan 2024 07:38:49 GMT" skipped="0">
  <testcase classname="com.api.test.UserTests" name="setUserPOST" time="2.767"/>
  <testcase classname="com.api.test.UserTests" name="getUserDetails" time="1.592"/>
  <testcase classname="com.api.test.UserTests" name="updateUserPUT" time="1.607"/>
  <testcase classname="com.api.test.UserTests" name="deleteUser" time="3.201"/>
</testsuite> <!-- com.api.test.UserTests -->
