<?xml version="1.0" encoding="UTF-8"?>
<!-- Generated by org.testng.reporters.JUnitReportReporter -->
<testsuite hostname="Samis-MacBook-Pro.local" failures="0" tests="2" name="com.api.test.PET_API_DDT" time="3.679" errors="0" timestamp="25 Jan 2024 19:44:58 GMT" skipped="0">
  <testcase classname="com.api.test.PET_API_DDT" name="get_Pet" time="1.631"/>
  <testcase classname="com.api.test.PET_API_DDT" name="Post_Pet" time="2.048"/>
</testsuite> <!-- com.api.test.PET_API_DDT -->
